  % Total    % Received % Xferd  Average Speed   Time    Time     Time  Current
                                 Dload  Upload   Total   Spent    Left  Speed
  0     0    0     0    0     0      0      0 --:--:-- --:--:-- --:--:--     0  0     0    0     0    0     0      0      0 --:--:--  0:00:01 --:--:--     0  0     0    0     0    0     0      0      0 --:--:--  0:00:02 --:--:--     0  0     0    0     0    0     0      0      0 --:--:--  0:00:03 --:--:--     0  0     0    0     0    0     0      0      0 --:--:--  0:00:04 --:--:--     0  0     0    0     0    0     0      0      0 --:--:--  0:00:05 --:--:--     0  0     0    0     0    0     0      0      0 --:--:--  0:00:05 --:--:--     0100   288    0   288    0     0     47      0 --:--:--  0:00:06 --:--:--    81
100  159k    0  159k    0     0  24591      0 --:--:--  0:00:06 --:--:-- 24591
downloaded datasett-from-gdocs.xlsx
converting in/datasett-from-gdocs.xlsx to xls...
converted in/datasett-from-gdocs.xlsx to xls
conversion done.
./dcat.sh: 13: ./dcat.sh: soffice: not found
openjdk version "1.8.0_111"
OpenJDK Runtime Environment (build 1.8.0_111-8u111-b14-2ubuntu0.16.04.2-b14)
OpenJDK 64-Bit Server VM (build 25.111-b14, mixed mode)
converting in/*.xls to ttl
Error: A JNI error has occurred, please check your installation and try again
Exception in thread "main" java.lang.NoClassDefFoundError: jxl/read/biff/BiffException
	at java.lang.Class.getDeclaredMethods0(Native Method)
	at java.lang.Class.privateGetDeclaredMethods(Class.java:2701)
	at java.lang.Class.privateGetMethodRecursive(Class.java:3048)
	at java.lang.Class.getMethod0(Class.java:3018)
	at java.lang.Class.getMethod(Class.java:1784)
	at sun.launcher.LauncherHelper.validateMainClass(LauncherHelper.java:544)
	at sun.launcher.LauncherHelper.checkAndLoadMain(LauncherHelper.java:526)
Caused by: java.lang.ClassNotFoundException: jxl.read.biff.BiffException
	at java.net.URLClassLoader.findClass(URLClassLoader.java:381)
	at java.lang.ClassLoader.loadClass(ClassLoader.java:424)
	at sun.misc.Launcher$AppClassLoader.loadClass(Launcher.java:331)
	at java.lang.ClassLoader.loadClass(ClassLoader.java:357)
	... 7 more
convered in/*.xls to *.xls.ttl
creating catalogs from in/*.ttl
Failed to load data: Not found: in/*.ttl
created catalogs in *.ttl-catalog.ttl
creating datasets from in/*.ttl
Failed to load data: Not found: in/*.ttl
created datasets in *.ttl-dataset.ttl
converting in/*.ttl to dcat format
Failed to load data: Not found: in/*.ttl
added period in/*.ttl to *.ttl-period.ttl
creating publisher from in/*.ttl
Failed to load data: Not found: in/*.ttl
created publisher in *.ttl-publisher.ttl
creating contact point from in/*.ttl
Failed to load data: Not found: in/*.ttl
created contact point in *.ttl-contact.ttl
creating provenance from in/*.ttl
Failed to load data: Not found: in/*.ttl
created provenance in *.ttl-provenance.ttl
creating location from in/*.ttl
Failed to load data: Not found: in/*.ttl
created location in *.ttl-location.ttl
creating access rights from in/*.ttl
Failed to load data: Not found: in/*.ttl
created access rights in *.ttl-accessRights.ttl
converting in/*.ttl to dcat format
INFO  File: temp/*.ttl-catalog.ttl
INFO  File: temp/*.ttl-dataset.ttl
INFO  File: temp/*.ttl-period.ttl
INFO  File: temp/*.ttl-publisher.ttl
INFO  File: temp/*.ttl-contact.ttl
INFO  File: temp/*.ttl-provenance.ttl
INFO  File: temp/*.ttl-location.ttl
INFO  File: temp/*.ttl-accessRights.ttl
merged
---------------------------------------------------------------------
| ruleId | ruleDescription                    | resourceId | status |
=====================================================================
| 1      | "Catalog has one or more datasets" |            | false  |
---------------------------------------------------------------------
--------------------------------------------------
| ruleId | ruleDescription | resourceId | status |
==================================================
--------------------------------------------------
--------------------------------------------------
| ruleId | ruleDescription | resourceId | status |
==================================================
--------------------------------------------------
--------------------------------------------------
| ruleId | ruleDescription | resourceId | status |
==================================================
--------------------------------------------------
--------------------------------------------------
| ruleId | ruleDescription | resourceId | status |
==================================================
--------------------------------------------------
--------------------------------------------------
| ruleId | ruleDescription | resourceId | status |
==================================================
--------------------------------------------------
--------------------------------------------------
| ruleId | ruleDescription | resourceId | status |
==================================================
--------------------------------------------------
--------------------------------------------------
| ruleId | ruleDescription | resourceId | status |
==================================================
--------------------------------------------------
