[INFO  - 2016-10-24T11:23:03.014Z] GhostDriver - Main - running on port 10812
[INFO  - 2016-10-24T11:23:03.311Z] Session [3a62b0e0-99dc-11e6-a71b-33d2b65e17b9] - page.settings - {"XSSAuditingEnabled":false,"javascriptCanCloseWindows":true,"javascriptCanOpenWindows":true,"javascriptEnabled":true,"loadImages":true,"localToRemoteUrlAccessEnabled":false,"userAgent":"Mozilla/5.0 (Windows NT 6.2; WOW64) AppleWebKit/538.1 (KHTML, like Gecko) PhantomJS/2.0.0 Safari/538.1","webSecurityEnabled":true}
[INFO  - 2016-10-24T11:23:03.312Z] Session [3a62b0e0-99dc-11e6-a71b-33d2b65e17b9] - page.customHeaders:  - {}
[INFO  - 2016-10-24T11:23:03.313Z] Session [3a62b0e0-99dc-11e6-a71b-33d2b65e17b9] - Session.negotiatedCapabilities - {"browserName":"phantomjs","version":"2.0.0","driverName":"ghostdriver","driverVersion":"1.2.0","platform":"windows-8-32bit","javascriptEnabled":true,"takesScreenshot":true,"handlesAlerts":false,"databaseEnabled":false,"locationContextEnabled":false,"applicationCacheEnabled":false,"browserConnectionEnabled":false,"cssSelectorsEnabled":true,"webStorageEnabled":false,"rotatable":false,"acceptSslCerts":false,"nativeEvents":true,"proxy":{"proxyType":"direct"}}
[INFO  - 2016-10-24T11:23:03.314Z] SessionManagerReqHand - _postNewSessionCommand - New Session Created: 3a62b0e0-99dc-11e6-a71b-33d2b65e17b9
[INFO  - 2016-10-24T11:23:03.893Z] ShutdownReqHand - _handle - About to shutdown
[INFO  - 2016-10-24T11:26:14.133Z] GhostDriver - Main - running on port 21889
[INFO  - 2016-10-24T11:26:14.539Z] Session [ac61e350-99dc-11e6-9255-955085470cd9] - page.settings - {"XSSAuditingEnabled":false,"javascriptCanCloseWindows":true,"javascriptCanOpenWindows":true,"javascriptEnabled":true,"loadImages":true,"localToRemoteUrlAccessEnabled":false,"userAgent":"Mozilla/5.0 (Windows NT 6.2; WOW64) AppleWebKit/538.1 (KHTML, like Gecko) PhantomJS/2.0.0 Safari/538.1","webSecurityEnabled":true}
[INFO  - 2016-10-24T11:26:14.539Z] Session [ac61e350-99dc-11e6-9255-955085470cd9] - page.customHeaders:  - {}
[INFO  - 2016-10-24T11:26:14.539Z] Session [ac61e350-99dc-11e6-9255-955085470cd9] - Session.negotiatedCapabilities - {"browserName":"phantomjs","version":"2.0.0","driverName":"ghostdriver","driverVersion":"1.2.0","platform":"windows-8-32bit","javascriptEnabled":true,"takesScreenshot":true,"handlesAlerts":false,"databaseEnabled":false,"locationContextEnabled":false,"applicationCacheEnabled":false,"browserConnectionEnabled":false,"cssSelectorsEnabled":true,"webStorageEnabled":false,"rotatable":false,"acceptSslCerts":false,"nativeEvents":true,"proxy":{"proxyType":"direct"}}
[INFO  - 2016-10-24T11:26:14.540Z] SessionManagerReqHand - _postNewSessionCommand - New Session Created: ac61e350-99dc-11e6-9255-955085470cd9
[INFO  - 2016-10-24T11:26:14.963Z] ShutdownReqHand - _handle - About to shutdown
[INFO  - 2016-10-24T11:48:49.530Z] GhostDriver - Main - running on port 30917
[INFO  - 2016-10-24T11:48:49.954Z] Session [d445a6b0-99df-11e6-b45f-3dbb48e675c3] - page.settings - {"XSSAuditingEnabled":false,"javascriptCanCloseWindows":true,"javascriptCanOpenWindows":true,"javascriptEnabled":true,"loadImages":true,"localToRemoteUrlAccessEnabled":false,"userAgent":"Mozilla/5.0 (Windows NT 6.2; WOW64) AppleWebKit/538.1 (KHTML, like Gecko) PhantomJS/2.0.0 Safari/538.1","webSecurityEnabled":true}
[INFO  - 2016-10-24T11:48:49.955Z] Session [d445a6b0-99df-11e6-b45f-3dbb48e675c3] - page.customHeaders:  - {}
[INFO  - 2016-10-24T11:48:49.955Z] Session [d445a6b0-99df-11e6-b45f-3dbb48e675c3] - Session.negotiatedCapabilities - {"browserName":"phantomjs","version":"2.0.0","driverName":"ghostdriver","driverVersion":"1.2.0","platform":"windows-8-32bit","javascriptEnabled":true,"takesScreenshot":true,"handlesAlerts":false,"databaseEnabled":false,"locationContextEnabled":false,"applicationCacheEnabled":false,"browserConnectionEnabled":false,"cssSelectorsEnabled":true,"webStorageEnabled":false,"rotatable":false,"acceptSslCerts":false,"nativeEvents":true,"proxy":{"proxyType":"direct"}}
[INFO  - 2016-10-24T11:48:49.955Z] SessionManagerReqHand - _postNewSessionCommand - New Session Created: d445a6b0-99df-11e6-b45f-3dbb48e675c3
[INFO  - 2016-10-24T11:48:50.547Z] ShutdownReqHand - _handle - About to shutdown
[INFO  - 2016-10-24T12:16:09.406Z] GhostDriver - Main - running on port 7852
[INFO  - 2016-10-24T12:16:09.899Z] Session [a5c16640-99e3-11e6-b772-ada780f8865d] - page.settings - {"XSSAuditingEnabled":false,"javascriptCanCloseWindows":true,"javascriptCanOpenWindows":true,"javascriptEnabled":true,"loadImages":true,"localToRemoteUrlAccessEnabled":false,"userAgent":"Mozilla/5.0 (Windows NT 6.2; WOW64) AppleWebKit/538.1 (KHTML, like Gecko) PhantomJS/2.0.0 Safari/538.1","webSecurityEnabled":true}
[INFO  - 2016-10-24T12:16:09.900Z] Session [a5c16640-99e3-11e6-b772-ada780f8865d] - page.customHeaders:  - {}
[INFO  - 2016-10-24T12:16:09.900Z] Session [a5c16640-99e3-11e6-b772-ada780f8865d] - Session.negotiatedCapabilities - {"browserName":"phantomjs","version":"2.0.0","driverName":"ghostdriver","driverVersion":"1.2.0","platform":"windows-8-32bit","javascriptEnabled":true,"takesScreenshot":true,"handlesAlerts":false,"databaseEnabled":false,"locationContextEnabled":false,"applicationCacheEnabled":false,"browserConnectionEnabled":false,"cssSelectorsEnabled":true,"webStorageEnabled":false,"rotatable":false,"acceptSslCerts":false,"nativeEvents":true,"proxy":{"proxyType":"direct"}}
[INFO  - 2016-10-24T12:16:09.901Z] SessionManagerReqHand - _postNewSessionCommand - New Session Created: a5c16640-99e3-11e6-b772-ada780f8865d
[INFO  - 2016-10-24T12:16:10.335Z] ShutdownReqHand - _handle - About to shutdown
[INFO  - 2016-10-24T12:31:19.086Z] GhostDriver - Main - running on port 23127
[INFO  - 2016-10-24T12:31:19.547Z] Session [c3f25d20-99e5-11e6-a710-c37011173cbc] - page.settings - {"XSSAuditingEnabled":false,"javascriptCanCloseWindows":true,"javascriptCanOpenWindows":true,"javascriptEnabled":true,"loadImages":true,"localToRemoteUrlAccessEnabled":false,"userAgent":"Mozilla/5.0 (Windows NT 6.2; WOW64) AppleWebKit/538.1 (KHTML, like Gecko) PhantomJS/2.0.0 Safari/538.1","webSecurityEnabled":true}
[INFO  - 2016-10-24T12:31:19.547Z] Session [c3f25d20-99e5-11e6-a710-c37011173cbc] - page.customHeaders:  - {}
[INFO  - 2016-10-24T12:31:19.547Z] Session [c3f25d20-99e5-11e6-a710-c37011173cbc] - Session.negotiatedCapabilities - {"browserName":"phantomjs","version":"2.0.0","driverName":"ghostdriver","driverVersion":"1.2.0","platform":"windows-8-32bit","javascriptEnabled":true,"takesScreenshot":true,"handlesAlerts":false,"databaseEnabled":false,"locationContextEnabled":false,"applicationCacheEnabled":false,"browserConnectionEnabled":false,"cssSelectorsEnabled":true,"webStorageEnabled":false,"rotatable":false,"acceptSslCerts":false,"nativeEvents":true,"proxy":{"proxyType":"direct"}}
[INFO  - 2016-10-24T12:31:19.548Z] SessionManagerReqHand - _postNewSessionCommand - New Session Created: c3f25d20-99e5-11e6-a710-c37011173cbc
[ERROR - 2016-10-24T12:31:19.830Z] Session [c3f25d20-99e5-11e6-a710-c37011173cbc] - page.onError - msg: TypeError: null is not an object (evaluating 'sElement.innerHTML')
[ERROR - 2016-10-24T12:31:19.831Z] Session [c3f25d20-99e5-11e6-a710-c37011173cbc] - page.onError - stack:
  global code (http://localhost:54811/src/result.js:5)
[INFO  - 2016-10-24T12:31:19.974Z] ShutdownReqHand - _handle - About to shutdown
[INFO  - 2016-10-24T12:33:57.832Z] GhostDriver - Main - running on port 35201
[INFO  - 2016-10-24T12:33:58.305Z] Session [2292e980-99e6-11e6-9100-270673b49334] - page.settings - {"XSSAuditingEnabled":false,"javascriptCanCloseWindows":true,"javascriptCanOpenWindows":true,"javascriptEnabled":true,"loadImages":true,"localToRemoteUrlAccessEnabled":false,"userAgent":"Mozilla/5.0 (Windows NT 6.2; WOW64) AppleWebKit/538.1 (KHTML, like Gecko) PhantomJS/2.0.0 Safari/538.1","webSecurityEnabled":true}
[INFO  - 2016-10-24T12:33:58.305Z] Session [2292e980-99e6-11e6-9100-270673b49334] - page.customHeaders:  - {}
[INFO  - 2016-10-24T12:33:58.305Z] Session [2292e980-99e6-11e6-9100-270673b49334] - Session.negotiatedCapabilities - {"browserName":"phantomjs","version":"2.0.0","driverName":"ghostdriver","driverVersion":"1.2.0","platform":"windows-8-32bit","javascriptEnabled":true,"takesScreenshot":true,"handlesAlerts":false,"databaseEnabled":false,"locationContextEnabled":false,"applicationCacheEnabled":false,"browserConnectionEnabled":false,"cssSelectorsEnabled":true,"webStorageEnabled":false,"rotatable":false,"acceptSslCerts":false,"nativeEvents":true,"proxy":{"proxyType":"direct"}}
[INFO  - 2016-10-24T12:33:58.306Z] SessionManagerReqHand - _postNewSessionCommand - New Session Created: 2292e980-99e6-11e6-9100-270673b49334
[INFO  - 2016-10-24T12:33:58.724Z] ShutdownReqHand - _handle - About to shutdown
[INFO  - 2016-10-24T12:34:46.756Z] GhostDriver - Main - running on port 1476
[INFO  - 2016-10-24T12:34:47.238Z] Session [3fbdccf0-99e6-11e6-bf83-69a48c830302] - page.settings - {"XSSAuditingEnabled":false,"javascriptCanCloseWindows":true,"javascriptCanOpenWindows":true,"javascriptEnabled":true,"loadImages":true,"localToRemoteUrlAccessEnabled":false,"userAgent":"Mozilla/5.0 (Windows NT 6.2; WOW64) AppleWebKit/538.1 (KHTML, like Gecko) PhantomJS/2.0.0 Safari/538.1","webSecurityEnabled":true}
[INFO  - 2016-10-24T12:34:47.238Z] Session [3fbdccf0-99e6-11e6-bf83-69a48c830302] - page.customHeaders:  - {}
[INFO  - 2016-10-24T12:34:47.238Z] Session [3fbdccf0-99e6-11e6-bf83-69a48c830302] - Session.negotiatedCapabilities - {"browserName":"phantomjs","version":"2.0.0","driverName":"ghostdriver","driverVersion":"1.2.0","platform":"windows-8-32bit","javascriptEnabled":true,"takesScreenshot":true,"handlesAlerts":false,"databaseEnabled":false,"locationContextEnabled":false,"applicationCacheEnabled":false,"browserConnectionEnabled":false,"cssSelectorsEnabled":true,"webStorageEnabled":false,"rotatable":false,"acceptSslCerts":false,"nativeEvents":true,"proxy":{"proxyType":"direct"}}
[INFO  - 2016-10-24T12:34:47.238Z] SessionManagerReqHand - _postNewSessionCommand - New Session Created: 3fbdccf0-99e6-11e6-bf83-69a48c830302
[ERROR - 2016-10-24T12:34:47.519Z] Session [3fbdccf0-99e6-11e6-bf83-69a48c830302] - page.onError - msg: TypeError: null is not an object (evaluating 'sElement.innerHTML')
[ERROR - 2016-10-24T12:34:47.519Z] Session [3fbdccf0-99e6-11e6-bf83-69a48c830302] - page.onError - stack:
  global code (http://localhost:54864/src/result.js:7)
[INFO  - 2016-10-24T12:34:47.658Z] ShutdownReqHand - _handle - About to shutdown
[INFO  - 2016-10-24T13:23:47.251Z] GhostDriver - Main - running on port 2876
[INFO  - 2016-10-24T13:23:47.531Z] Session [184ac130-99ed-11e6-8b06-67fd906035bb] - page.settings - {"XSSAuditingEnabled":false,"javascriptCanCloseWindows":true,"javascriptCanOpenWindows":true,"javascriptEnabled":true,"loadImages":true,"localToRemoteUrlAccessEnabled":false,"userAgent":"Mozilla/5.0 (Windows NT 6.2; WOW64) AppleWebKit/538.1 (KHTML, like Gecko) PhantomJS/2.0.0 Safari/538.1","webSecurityEnabled":true}
[INFO  - 2016-10-24T13:23:47.531Z] Session [184ac130-99ed-11e6-8b06-67fd906035bb] - page.customHeaders:  - {}
[INFO  - 2016-10-24T13:23:47.531Z] Session [184ac130-99ed-11e6-8b06-67fd906035bb] - Session.negotiatedCapabilities - {"browserName":"phantomjs","version":"2.0.0","driverName":"ghostdriver","driverVersion":"1.2.0","platform":"windows-8-32bit","javascriptEnabled":true,"takesScreenshot":true,"handlesAlerts":false,"databaseEnabled":false,"locationContextEnabled":false,"applicationCacheEnabled":false,"browserConnectionEnabled":false,"cssSelectorsEnabled":true,"webStorageEnabled":false,"rotatable":false,"acceptSslCerts":false,"nativeEvents":true,"proxy":{"proxyType":"direct"}}
[INFO  - 2016-10-24T13:23:47.531Z] SessionManagerReqHand - _postNewSessionCommand - New Session Created: 184ac130-99ed-11e6-8b06-67fd906035bb
[ERROR - 2016-10-24T13:23:47.843Z] Session [184ac130-99ed-11e6-8b06-67fd906035bb] - page.onError - msg: TypeError: null is not an object (evaluating 'sElement.innerHTML')
[ERROR - 2016-10-24T13:23:47.844Z] Session [184ac130-99ed-11e6-8b06-67fd906035bb] - page.onError - stack:
  global code (http://localhost:52857/src/result.js:8)
[INFO  - 2016-10-24T13:23:47.977Z] ShutdownReqHand - _handle - About to shutdown
[INFO  - 2016-10-24T13:24:42.027Z] GhostDriver - Main - running on port 15901
[INFO  - 2016-10-24T13:24:42.460Z] Session [39086850-99ed-11e6-b356-a13d7fc66e2f] - page.settings - {"XSSAuditingEnabled":false,"javascriptCanCloseWindows":true,"javascriptCanOpenWindows":true,"javascriptEnabled":true,"loadImages":true,"localToRemoteUrlAccessEnabled":false,"userAgent":"Mozilla/5.0 (Windows NT 6.2; WOW64) AppleWebKit/538.1 (KHTML, like Gecko) PhantomJS/2.0.0 Safari/538.1","webSecurityEnabled":true}
[INFO  - 2016-10-24T13:24:42.461Z] Session [39086850-99ed-11e6-b356-a13d7fc66e2f] - page.customHeaders:  - {}
[INFO  - 2016-10-24T13:24:42.461Z] Session [39086850-99ed-11e6-b356-a13d7fc66e2f] - Session.negotiatedCapabilities - {"browserName":"phantomjs","version":"2.0.0","driverName":"ghostdriver","driverVersion":"1.2.0","platform":"windows-8-32bit","javascriptEnabled":true,"takesScreenshot":true,"handlesAlerts":false,"databaseEnabled":false,"locationContextEnabled":false,"applicationCacheEnabled":false,"browserConnectionEnabled":false,"cssSelectorsEnabled":true,"webStorageEnabled":false,"rotatable":false,"acceptSslCerts":false,"nativeEvents":true,"proxy":{"proxyType":"direct"}}
[INFO  - 2016-10-24T13:24:42.461Z] SessionManagerReqHand - _postNewSessionCommand - New Session Created: 39086850-99ed-11e6-b356-a13d7fc66e2f
[ERROR - 2016-10-24T13:24:42.766Z] Session [39086850-99ed-11e6-b356-a13d7fc66e2f] - page.onError - msg: TypeError: null is not an object (evaluating 'sElement.innerHTML')
[ERROR - 2016-10-24T13:24:42.766Z] Session [39086850-99ed-11e6-b356-a13d7fc66e2f] - page.onError - stack:
  global code (http://localhost:52889/src/result.js:8)
[INFO  - 2016-10-24T13:24:42.885Z] ShutdownReqHand - _handle - About to shutdown
[INFO  - 2016-10-24T13:31:35.958Z] GhostDriver - Main - running on port 38756
[INFO  - 2016-10-24T13:31:36.434Z] Session [2fc75e80-99ee-11e6-b8a7-d38bdd8a46b5] - page.settings - {"XSSAuditingEnabled":false,"javascriptCanCloseWindows":true,"javascriptCanOpenWindows":true,"javascriptEnabled":true,"loadImages":true,"localToRemoteUrlAccessEnabled":false,"userAgent":"Mozilla/5.0 (Windows NT 6.2; WOW64) AppleWebKit/538.1 (KHTML, like Gecko) PhantomJS/2.0.0 Safari/538.1","webSecurityEnabled":true}
[INFO  - 2016-10-24T13:31:36.434Z] Session [2fc75e80-99ee-11e6-b8a7-d38bdd8a46b5] - page.customHeaders:  - {}
[INFO  - 2016-10-24T13:31:36.435Z] Session [2fc75e80-99ee-11e6-b8a7-d38bdd8a46b5] - Session.negotiatedCapabilities - {"browserName":"phantomjs","version":"2.0.0","driverName":"ghostdriver","driverVersion":"1.2.0","platform":"windows-8-32bit","javascriptEnabled":true,"takesScreenshot":true,"handlesAlerts":false,"databaseEnabled":false,"locationContextEnabled":false,"applicationCacheEnabled":false,"browserConnectionEnabled":false,"cssSelectorsEnabled":true,"webStorageEnabled":false,"rotatable":false,"acceptSslCerts":false,"nativeEvents":true,"proxy":{"proxyType":"direct"}}
[INFO  - 2016-10-24T13:31:36.435Z] SessionManagerReqHand - _postNewSessionCommand - New Session Created: 2fc75e80-99ee-11e6-b8a7-d38bdd8a46b5
[ERROR - 2016-10-24T13:31:36.733Z] Session [2fc75e80-99ee-11e6-b8a7-d38bdd8a46b5] - page.onError - msg: TypeError: null is not an object (evaluating 'sElement.innerHTML')
[ERROR - 2016-10-24T13:31:36.733Z] Session [2fc75e80-99ee-11e6-b8a7-d38bdd8a46b5] - page.onError - stack:
  onload (http://localhost:64750/src/result.js:18)
[INFO  - 2016-10-24T13:36:35.963Z] SessionManagerReqHand - _cleanupWindowlessSessions - Asynchronous Sessions clean-up phase starting NOW
[INFO  - 2016-10-24T13:41:35.969Z] SessionManagerReqHand - _cleanupWindowlessSessions - Asynchronous Sessions clean-up phase starting NOW
[INFO  - 2016-10-24T13:46:35.962Z] SessionManagerReqHand - _cleanupWindowlessSessions - Asynchronous Sessions clean-up phase starting NOW
[INFO  - 2016-10-24T13:51:35.963Z] SessionManagerReqHand - _cleanupWindowlessSessions - Asynchronous Sessions clean-up phase starting NOW
[INFO  - 2016-10-24T13:56:35.967Z] SessionManagerReqHand - _cleanupWindowlessSessions - Asynchronous Sessions clean-up phase starting NOW
[INFO  - 2016-10-24T15:45:41.524Z] SessionManagerReqHand - _cleanupWindowlessSessions - Asynchronous Sessions clean-up phase starting NOW
[INFO  - 2016-10-24T15:50:41.533Z] SessionManagerReqHand - _cleanupWindowlessSessions - Asynchronous Sessions clean-up phase starting NOW
[INFO  - 2016-10-24T15:55:41.537Z] SessionManagerReqHand - _cleanupWindowlessSessions - Asynchronous Sessions clean-up phase starting NOW
[INFO  - 2016-10-24T16:00:41.546Z] SessionManagerReqHand - _cleanupWindowlessSessions - Asynchronous Sessions clean-up phase starting NOW
[INFO  - 2016-10-24T19:02:11.705Z] SessionManagerReqHand - _cleanupWindowlessSessions - Asynchronous Sessions clean-up phase starting NOW
[INFO  - 2016-10-25T05:07:37.401Z] SessionManagerReqHand - _cleanupWindowlessSessions - Asynchronous Sessions clean-up phase starting NOW
[INFO  - 2016-10-25T05:12:36.524Z] SessionManagerReqHand - _cleanupWindowlessSessions - Asynchronous Sessions clean-up phase starting NOW
[INFO  - 2016-10-25T05:17:36.533Z] SessionManagerReqHand - _cleanupWindowlessSessions - Asynchronous Sessions clean-up phase starting NOW
[INFO  - 2016-10-25T05:22:36.543Z] SessionManagerReqHand - _cleanupWindowlessSessions - Asynchronous Sessions clean-up phase starting NOW
[INFO  - 2016-10-25T05:27:36.554Z] SessionManagerReqHand - _cleanupWindowlessSessions - Asynchronous Sessions clean-up phase starting NOW
[INFO  - 2016-10-25T05:32:36.561Z] SessionManagerReqHand - _cleanupWindowlessSessions - Asynchronous Sessions clean-up phase starting NOW
[INFO  - 2016-10-25T06:11:57.518Z] SessionManagerReqHand - _cleanupWindowlessSessions - Asynchronous Sessions clean-up phase starting NOW
[INFO  - 2016-10-25T06:16:57.522Z] SessionManagerReqHand - _cleanupWindowlessSessions - Asynchronous Sessions clean-up phase starting NOW
[INFO  - 2016-10-25T06:21:57.523Z] SessionManagerReqHand - _cleanupWindowlessSessions - Asynchronous Sessions clean-up phase starting NOW
[INFO  - 2016-10-25T06:26:57.522Z] SessionManagerReqHand - _cleanupWindowlessSessions - Asynchronous Sessions clean-up phase starting NOW
[INFO  - 2016-10-25T06:31:57.523Z] SessionManagerReqHand - _cleanupWindowlessSessions - Asynchronous Sessions clean-up phase starting NOW
[INFO  - 2016-10-25T06:36:57.523Z] SessionManagerReqHand - _cleanupWindowlessSessions - Asynchronous Sessions clean-up phase starting NOW
[INFO  - 2016-10-25T06:41:57.527Z] SessionManagerReqHand - _cleanupWindowlessSessions - Asynchronous Sessions clean-up phase starting NOW
[INFO  - 2016-10-25T06:46:57.525Z] SessionManagerReqHand - _cleanupWindowlessSessions - Asynchronous Sessions clean-up phase starting NOW
[INFO  - 2016-10-25T06:51:57.525Z] SessionManagerReqHand - _cleanupWindowlessSessions - Asynchronous Sessions clean-up phase starting NOW
[INFO  - 2016-10-25T06:56:57.526Z] SessionManagerReqHand - _cleanupWindowlessSessions - Asynchronous Sessions clean-up phase starting NOW
[INFO  - 2016-10-25T07:01:57.528Z] SessionManagerReqHand - _cleanupWindowlessSessions - Asynchronous Sessions clean-up phase starting NOW
[INFO  - 2016-10-25T07:06:57.532Z] SessionManagerReqHand - _cleanupWindowlessSessions - Asynchronous Sessions clean-up phase starting NOW
[INFO  - 2016-10-25T07:11:57.539Z] SessionManagerReqHand - _cleanupWindowlessSessions - Asynchronous Sessions clean-up phase starting NOW
[INFO  - 2016-10-25T07:16:57.540Z] SessionManagerReqHand - _cleanupWindowlessSessions - Asynchronous Sessions clean-up phase starting NOW
[INFO  - 2016-10-25T07:21:57.541Z] SessionManagerReqHand - _cleanupWindowlessSessions - Asynchronous Sessions clean-up phase starting NOW
[INFO  - 2016-10-25T07:26:57.542Z] SessionManagerReqHand - _cleanupWindowlessSessions - Asynchronous Sessions clean-up phase starting NOW
[INFO  - 2016-10-25T07:31:57.542Z] SessionManagerReqHand - _cleanupWindowlessSessions - Asynchronous Sessions clean-up phase starting NOW
[INFO  - 2016-10-25T07:36:57.543Z] SessionManagerReqHand - _cleanupWindowlessSessions - Asynchronous Sessions clean-up phase starting NOW
[INFO  - 2016-10-25T07:41:57.543Z] SessionManagerReqHand - _cleanupWindowlessSessions - Asynchronous Sessions clean-up phase starting NOW
[INFO  - 2016-10-25T07:46:57.544Z] SessionManagerReqHand - _cleanupWindowlessSessions - Asynchronous Sessions clean-up phase starting NOW
g NOW
[INFO  - 2016-10-25T06:56:57.530Z] SessionManagerReqHand - _cleanupWindowlessSessions - Asynchronous Sessions clean-up phase starting NOW
[INFO  - 2016-10-25T07:01:57.531Z] SessionManagerReqHand - _cleanupWindowlessSessions - Asynchronous Sessions clean-up phase starting NOW
[INFO  - 2016-10-25T07:06:57.532Z] SessionManagerReqHand - _cleanupWindowlessSessions - Asynchronous Sessions clean-up phase starting NOW
[INFO  - 2016-10-25T07:11:57.539Z] SessionManagerReqHand - _cleanupWindowlessSessions - Asynchronous Sessions clean-up phase starting NOW
[INFO  - 2016-10-25T07:16:57.541Z] SessionManagerReqHand - _cleanupWindowlessSessions - Asynchronous Sessions clean-up phase starting NOW
[INFO  - 2016-10-25T07:21:57.542Z] SessionManagerReqHand - _cleanupWindowlessSessions - Asynchronous Sessions clean-up phase starting NOW
[INFO  - 2016-10-25T07:26:57.542Z] SessionManagerReqHand - _cleanupWindowlessSessions - Asynchronous Sessions clean-up phase starting NOW
[INFO  - 2016-10-25T07:31:57.542Z] SessionManagerReqHand - _cleanupWindowlessSessions - Asynchronous Sessions clean-up phase starting NOW
[INFO  - 2016-10-25T07:36:57.543Z] SessionManagerReqHand - _cleanupWindowlessSessions - Asynchronous Sessions clean-up phase starting NOW
[INFO  - 2016-10-25T07:41:57.543Z] SessionManagerReqHand - _cleanupWindowlessSessions - Asynchronous Sessions clean-up phase starting NOW
[INFO  - 2016-10-25T07:46:57.544Z] SessionManagerReqHand - _cleanupWindowlessSessions - Asynchronous Sessions clean-up phase starting NOW
g NOW
[INFO  - 2016-10-25T06:56:57.527Z] SessionManagerReqHand - _cleanupWindowlessSessions - Asynchronous Sessions clean-up phase starting NOW
[INFO  - 2016-10-25T07:01:57.528Z] SessionManagerReqHand - _cleanupWindowlessSessions - Asynchronous Sessions clean-up phase starting NOW
[INFO  - 2016-10-25T07:06:57.527Z] SessionManagerReqHand - _cleanupWindowlessSessions - Asynchronous Sessions clean-up phase starting NOW
[INFO  - 2016-10-25T07:11:57.528Z] SessionManagerReqHand - _cleanupWindowlessSessions - Asynchronous Sessions clean-up phase starting NOW
[INFO  - 2016-10-25T07:16:57.528Z] SessionManagerReqHand - _cleanupWindowlessSessions - Asynchronous Sessions clean-up phase starting NOW
[INFO  - 2016-10-25T07:21:57.528Z] SessionManagerReqHand - _cleanupWindowlessSessions - Asynchronous Sessions clean-up phase starting NOW
[INFO  - 2016-10-25T07:26:57.529Z] SessionManagerReqHand - _cleanupWindowlessSessions - Asynchronous Sessions clean-up phase starting NOW
[INFO  - 2016-10-25T07:31:57.529Z] SessionManagerReqHand - _cleanupWindowlessSessions - Asynchronous Sessions clean-up phase starting NOW
[INFO  - 2016-10-25T07:36:57.530Z] SessionManagerReqHand - _cleanupWindowlessSessions - Asynchronous Sessions clean-up phase starting NOW
[INFO  - 2016-10-25T07:41:57.537Z] SessionManagerReqHand - _cleanupWindowlessSessions - Asynchronous Sessions clean-up phase starting NOW
[INFO  - 2016-10-25T07:46:57.538Z] SessionManagerReqHand - _cleanupWindowlessSessions - Asynchronous Sessions clean-up phase starting NOW
g NOW
[INFO  - 2016-10-25T06:51:57.525Z] SessionManagerReqHand - _cleanupWindowlessSessions - Asynchronous Sessions clean-up phase starting NOW
[INFO  - 2016-10-25T06:56:57.526Z] SessionManagerReqHand - _cleanupWindowlessSessions - Asynchronous Sessions clean-up phase starting NOW
[INFO  - 2016-10-25T07:01:57.529Z] SessionManagerReqHand - _cleanupWindowlessSessions - Asynchronous Sessions clean-up phase starting NOW
[INFO  - 2016-10-25T07:06:57.532Z] SessionManagerReqHand - _cleanupWindowlessSessions - Asynchronous Sessions clean-up phase starting NOW
[INFO  - 2016-10-25T07:11:57.540Z] SessionManagerReqHand - _cleanupWindowlessSessions - Asynchronous Sessions clean-up phase starting NOW
[INFO  - 2016-10-25T07:16:57.542Z] SessionManagerReqHand - _cleanupWindowlessSessions - Asynchronous Sessions clean-up phase starting NOW
[INFO  - 2016-10-25T07:21:57.543Z] SessionManagerReqHand - _cleanupWindowlessSessions - Asynchronous Sessions clean-up phase starting NOW
[INFO  - 2016-10-25T07:26:57.543Z] SessionManagerReqHand - _cleanupWindowlessSessions - Asynchronous Sessions clean-up phase starting NOW
[INFO  - 2016-10-25T07:31:57.543Z] SessionManagerReqHand - _cleanupWindowlessSessions - Asynchronous Sessions clean-up phase starting NOW
[INFO  - 2016-10-25T07:36:57.543Z] SessionManagerReqHand - _cleanupWindowlessSessions - Asynchronous Sessions clean-up phase starting NOW
[INFO  - 2016-10-25T07:41:57.544Z] SessionManagerReqHand - _cleanupWindowlessSessions - Asynchronous Sessions clean-up phase starting NOW
[INFO  - 2016-10-25T07:46:57.544Z] SessionManagerReqHand - _cleanupWindowlessSessions - Asynchronous Sessions clean-up phase starting NOW
-25T06:51:57.524Z] SessionManagerReqHand - _cleanupWindowlessSessions - Asynchronous Sessions clean-up phase starting NOW
[INFO  - 2016-10-25T06:56:57.525Z] SessionManagerReqHand - _cleanupWindowlessSessions - Asynchronous Sessions clean-up phase starting NOW
[INFO  - 2016-10-25T07:01:57.527Z] SessionManagerReqHand - _cleanupWindowlessSessions - Asynchronous Sessions clean-up phase starting NOW
[INFO  - 2016-10-25T07:06:57.526Z] SessionManagerReqHand - _cleanupWindowlessSessions - Asynchronous Sessions clean-up phase starting NOW
[INFO  - 2016-10-25T07:11:57.527Z] SessionManagerReqHand - _cleanupWindowlessSessions - Asynchronous Sessions clean-up phase starting NOW
[INFO  - 2016-10-25T07:16:57.528Z] SessionManagerReqHand - _cleanupWindowlessSessions - Asynchronous Sessions clean-up phase starting NOW
[INFO  - 2016-10-25T07:21:57.527Z] SessionManagerReqHand - _cleanupWindowlessSessions - Asynchronous Sessions clean-up phase starting NOW
[INFO  - 2016-10-25T07:26:57.528Z] SessionManagerReqHand - _cleanupWindowlessSessions - Asynchronous Sessions clean-up phase starting NOW
[INFO  - 2016-10-25T07:31:57.528Z] SessionManagerReqHand - _cleanupWindowlessSessions - Asynchronous Sessions clean-up phase starting NOW
[INFO  - 2016-10-25T07:36:57.528Z] SessionManagerReqHand - _cleanupWindowlessSessions - Asynchronous Sessions clean-up phase starting NOW
[INFO  - 2016-10-25T07:41:57.528Z] SessionManagerReqHand - _cleanupWindowlessSessions - Asynchronous Sessions clean-up phase starting NOW
[INFO  - 2016-10-25T07:46:57.529Z] SessionManagerReqHand - _cleanupWindowlessSessions - Asynchronous Sessions clean-up phase starting NOW
-25T06:56:57.527Z] SessionManagerReqHand - _cleanupWindowlessSessions - Asynchronous Sessions clean-up phase starting NOW
[INFO  - 2016-10-25T07:01:57.529Z] SessionManagerReqHand - _cleanupWindowlessSessions - Asynchronous Sessions clean-up phase starting NOW
[INFO  - 2016-10-25T07:06:57.532Z] SessionManagerReqHand - _cleanupWindowlessSessions - Asynchronous Sessions clean-up phase starting NOW
[INFO  - 2016-10-25T07:11:57.539Z] SessionManagerReqHand - _cleanupWindowlessSessions - Asynchronous Sessions clean-up phase starting NOW
[INFO  - 2016-10-25T07:16:57.541Z] SessionManagerReqHand - _cleanupWindowlessSessions - Asynchronous Sessions clean-up phase starting NOW
[INFO  - 2016-10-25T07:21:57.542Z] SessionManagerReqHand - _cleanupWindowlessSessions - Asynchronous Sessions clean-up phase starting NOW
[INFO  - 2016-10-25T07:26:57.543Z] SessionManagerReqHand - _cleanupWindowlessSessions - Asynchronous Sessions clean-up phase starting NOW
[INFO  - 2016-10-25T07:31:57.542Z] SessionManagerReqHand - _cleanupWindowlessSessions - Asynchronous Sessions clean-up phase starting NOW
[INFO  - 2016-10-25T07:36:57.542Z] SessionManagerReqHand - _cleanupWindowlessSessions - Asynchronous Sessions clean-up phase starting NOW
[INFO  - 2016-10-25T07:41:57.542Z] SessionManagerReqHand - _cleanupWindowlessSessions - Asynchronous Sessions clean-up phase starting NOW
[INFO  - 2016-10-25T07:46:57.543Z] SessionManagerReqHand - _cleanupWindowlessSessions - Asynchronous Sessions clean-up phase starting NOW
nd - _cleanupWindowlessSessions - Asynchronous Sessions clean-up phase starting NOW
[INFO  - 2016-10-25T07:06:57.554Z] SessionManagerReqHand - _cleanupWindowlessSessions - Asynchronous Sessions clean-up phase starting NOW
[INFO  - 2016-10-25T07:11:57.559Z] SessionManagerReqHand - _cleanupWindowlessSessions - Asynchronous Sessions clean-up phase starting NOW
[INFO  - 2016-10-25T07:16:57.559Z] SessionManagerReqHand - _cleanupWindowlessSessions - Asynchronous Sessions clean-up phase starting NOW
[INFO  - 2016-10-25T07:21:57.559Z] SessionManagerReqHand - _cleanupWindowlessSessions - Asynchronous Sessions clean-up phase starting NOW
[INFO  - 2016-10-25T07:26:57.560Z] SessionManagerReqHand - _cleanupWindowlessSessions - Asynchronous Sessions clean-up phase starting NOW
[INFO  - 2016-10-25T07:31:57.563Z] SessionManagerReqHand - _cleanupWindowlessSessions - Asynchronous Sessions clean-up phase starting NOW
[INFO  - 2016-10-25T07:36:57.563Z] SessionManagerReqHand - _cleanupWindowlessSessions - Asynchronous Sessions clean-up phase starting NOW
[INFO  - 2016-10-25T07:41:57.564Z] SessionManagerReqHand - _cleanupWindowlessSessions - Asynchronous Sessions clean-up phase starting NOW
[INFO  - 2016-10-25T07:46:57.568Z] SessionManagerReqHand - _cleanupWindowlessSessions - Asynchronous Sessions clean-up phase starting NOW
rVersion":"1.2.0","platform":"windows-8-32bit","javascriptEnabled":true,"takesScreenshot":true,"handlesAlerts":false,"databaseEnabled":false,"locationContextEnabled":false,"applicationCacheEnabled":false,"browserConnectionEnabled":false,"cssSelectorsEnabled":true,"webStorageEnabled":false,"rotatable":false,"acceptSslCerts":false,"nativeEvents":true,"proxy":{"proxyType":"direct"}}
[INFO  - 2016-10-25T06:47:21.038Z] SessionManagerReqHand - _postNewSessionCommand - New Session Created: e0d9dd70-9a7e-11e6-940f-25b8d42651bf
[INFO  - 2016-10-25T06:52:20.444Z] SessionManagerReqHand - _cleanupWindowlessSessions - Asynchronous Sessions clean-up phase starting NOW
[INFO  - 2016-10-25T06:52:21.762Z] ShutdownReqHand - _handle - About to shutdown
[INFO  - 2016-10-25T07:13:59.579Z] GhostDriver - Main - running on port 40211
[INFO  - 2016-10-25T07:14:00.073Z] Session [99f31710-9a82-11e6-a2eb-8518215ae7e4] - page.settings - {"XSSAuditingEnabled":false,"javascriptCanCloseWindows":true,"javascriptCanOpenWindows":true,"javascriptEnabled":true,"loadImages":true,"localToRemoteUrlAccessEnabled":false,"userAgent":"Mozilla/5.0 (Windows NT 6.2; WOW64) AppleWebKit/538.1 (KHTML, like Gecko) PhantomJS/2.0.0 Safari/538.1","webSecurityEnabled":true}
[INFO  - 2016-10-25T07:14:00.074Z] Session [99f31710-9a82-11e6-a2eb-8518215ae7e4] - page.customHeaders:  - {}
[INFO  - 2016-10-25T07:14:00.074Z] Session [99f31710-9a82-11e6-a2eb-8518215ae7e4] - Session.negotiatedCapabilities - {"browserName":"phantomjs","version":"2.0.0","driverName":"ghostdriver","driverVersion":"1.2.0","platform":"windows-8-32bit","javascriptEnabled":true,"takesScreenshot":true,"handlesAlerts":false,"databaseEnabled":false,"locationContextEnabled":false,"applicationCacheEnabled":false,"browserConnectionEnabled":false,"cssSelectorsEnabled":true,"webStorageEnabled":false,"rotatable":false,"acceptSslCerts":false,"nativeEvents":true,"proxy":{"proxyType":"direct"}}
[INFO  - 2016-10-25T07:14:00.074Z] SessionManagerReqHand - _postNewSessionCommand - New Session Created: 99f31710-9a82-11e6-a2eb-8518215ae7e4
[INFO  - 2016-10-25T07:18:59.583Z] SessionManagerReqHand - _cleanupWindowlessSessions - Asynchronous Sessions clean-up phase starting NOW
[INFO  - 2016-10-25T07:19:00.935Z] ShutdownReqHand - _handle - About to shutdown
[INFO  - 2016-10-25T07:27:01.717Z] GhostDriver - Main - running on port 12263
[INFO  - 2016-10-25T07:27:02.175Z] Session [6c1eb090-9a84-11e6-b67a-a52aaae9ba99] - page.settings - {"XSSAuditingEnabled":false,"javascriptCanCloseWindows":true,"javascriptCanOpenWindows":true,"javascriptEnabled":true,"loadImages":true,"localToRemoteUrlAccessEnabled":false,"userAgent":"Mozilla/5.0 (Windows NT 6.2; WOW64) AppleWebKit/538.1 (KHTML, like Gecko) PhantomJS/2.0.0 Safari/538.1","webSecurityEnabled":true}
[INFO  - 2016-10-25T07:27:02.176Z] Session [6c1eb090-9a84-11e6-b67a-a52aaae9ba99] - page.customHeaders:  - {}
[INFO  - 2016-10-25T07:27:02.176Z] Session [6c1eb090-9a84-11e6-b67a-a52aaae9ba99] - Session.negotiatedCapabilities - {"browserName":"phantomjs","version":"2.0.0","driverName":"ghostdriver","driverVersion":"1.2.0","platform":"windows-8-32bit","javascriptEnabled":true,"takesScreenshot":true,"handlesAlerts":false,"databaseEnabled":false,"locationContextEnabled":false,"applicationCacheEnabled":false,"browserConnectionEnabled":false,"cssSelectorsEnabled":true,"webStorageEnabled":false,"rotatable":false,"acceptSslCerts":false,"nativeEvents":true,"proxy":{"proxyType":"direct"}}
[INFO  - 2016-10-25T07:27:02.176Z] SessionManagerReqHand - _postNewSessionCommand - New Session Created: 6c1eb090-9a84-11e6-b67a-a52aaae9ba99
[INFO  - 2016-10-25T07:32:01.724Z] SessionManagerReqHand - _cleanupWindowlessSessions - Asynchronous Sessions clean-up phase starting NOW
[INFO  - 2016-10-25T07:32:02.847Z] ShutdownReqHand - _handle - About to shutdown
[INFO  - 2016-10-25T07:35:02.899Z] GhostDriver - Main - running on port 7566
[INFO  - 2016-10-25T07:35:03.326Z] Session [8ae83360-9a85-11e6-ac91-3d337109e2f3] - page.settings - {"XSSAuditingEnabled":false,"javascriptCanCloseWindows":true,"javascriptCanOpenWindows":true,"javascriptEnabled":true,"loadImages":true,"localToRemoteUrlAccessEnabled":false,"userAgent":"Mozilla/5.0 (Windows NT 6.2; WOW64) AppleWebKit/538.1 (KHTML, like Gecko) PhantomJS/2.0.0 Safari/538.1","webSecurityEnabled":true}
[INFO  - 2016-10-25T07:35:03.326Z] Session [8ae83360-9a85-11e6-ac91-3d337109e2f3] - page.customHeaders:  - {}
[INFO  - 2016-10-25T07:35:03.326Z] Session [8ae83360-9a85-11e6-ac91-3d337109e2f3] - Session.negotiatedCapabilities - {"browserName":"phantomjs","version":"2.0.0","driverName":"ghostdriver","driverVersion":"1.2.0","platform":"windows-8-32bit","javascriptEnabled":true,"takesScreenshot":true,"handlesAlerts":false,"databaseEnabled":false,"locationContextEnabled":false,"applicationCacheEnabled":false,"browserConnectionEnabled":false,"cssSelectorsEnabled":true,"webStorageEnabled":false,"rotatable":false,"acceptSslCerts":false,"nativeEvents":true,"proxy":{"proxyType":"direct"}}
[INFO  - 2016-10-25T07:35:03.327Z] SessionManagerReqHand - _postNewSessionCommand - New Session Created: 8ae83360-9a85-11e6-ac91-3d337109e2f3
[INFO  - 2016-10-25T07:35:03.861Z] ShutdownReqHand - _handle - About to shutdown
[INFO  - 2016-10-25T07:40:53.302Z] GhostDriver - Main - running on port 48488
[INFO  - 2016-10-25T07:40:53.727Z] Session [5bc37490-9a86-11e6-86b4-bf8451cdf489] - page.settings - {"XSSAuditingEnabled":false,"javascriptCanCloseWindows":true,"javascriptCanOpenWindows":true,"javascriptEnabled":true,"loadImages":true,"localToRemoteUrlAccessEnabled":false,"userAgent":"Mozilla/5.0 (Windows NT 6.2; WOW64) AppleWebKit/538.1 (KHTML, like Gecko) PhantomJS/2.0.0 Safari/538.1","webSecurityEnabled":true}
[INFO  - 2016-10-25T07:40:53.727Z] Session [5bc37490-9a86-11e6-86b4-bf8451cdf489] - page.customHeaders:  - {}
[INFO  - 2016-10-25T07:40:53.727Z] Session [5bc37490-9a86-11e6-86b4-bf8451cdf489] - Session.negotiatedCapabilities - {"browserName":"phantomjs","version":"2.0.0","driverName":"ghostdriver","driverVersion":"1.2.0","platform":"windows-8-32bit","javascriptEnabled":true,"takesScreenshot":true,"handlesAlerts":false,"databaseEnabled":false,"locationContextEnabled":false,"applicationCacheEnabled":false,"browserConnectionEnabled":false,"cssSelectorsEnabled":true,"webStorageEnabled":false,"rotatable":false,"acceptSslCerts":false,"nativeEvents":true,"proxy":{"proxyType":"direct"}}
[INFO  - 2016-10-25T07:40:53.728Z] SessionManagerReqHand - _postNewSessionCommand - New Session Created: 5bc37490-9a86-11e6-86b4-bf8451cdf489
[INFO  - 2016-10-25T07:40:54.179Z] ShutdownReqHand - _handle - About to shutdown
